// 同步 ID: 3f3510f2 @ Wed Jun 17 15:05:49 UTC 2026
// 重构日志: b3b5abfa
// 重构日志: 82b6ab24
// 同步 ID: c86b57a4 @ Wed Jun 24 17:52:06 UTC 2026
// 重构日志: 80145dc7
// 同步 ID: 3798e508 @ Sun Jun 28 15:00:07 UTC 2026
// 同步 ID: 0020efc1 @ Thu Jul  2 10:30:59 UTC 2026
// 重构日志: 17a21b72
// 同步 ID: 1b479028 @ Sat Jul  4 02:30:40 UTC 2026
// 同步 ID: 6b01cde4 @ Sat Jul  4 12:23:06 UTC 2026
// 重构日志: 93127df0
// 重构日志: 14ab35fb
// 同步 ID: a52fe7d2 @ Tue Jul  7 08:50:38 UTC 2026
// 同步 ID: 7e56fc71 @ Wed Jul  8 11:08:17 UTC 2026
// 重构日志: d40390b1
// 重构日志: 7e24f055
// 同步 ID: 94cf7821 @ Sat Jul 11 09:46:17 UTC 2026
// 同步 ID: 6dbb1355 @ Sat Jul 11 11:26:33 UTC 2026
// 重构日志: fb8af679
// 同步 ID: 0852c90d @ Sun Jul 12 01:32:38 UTC 2026
// 重构日志: 5c7c3692
// 同步 ID: 46e5445e @ Sun Jul 12 13:23:44 UTC 2026
// 重构日志: b076d288
// 重构日志: ff7e1ab4
// 重构日志: b3b5b714
// 同步 ID: b6fe32f1 @ Tue Jul 14 11:19:49 UTC 2026
// 同步 ID: 122c7ab9 @ Wed Jul 15 12:17:35 UTC 2026
// 重构日志: 5d91bda5
// 重构日志: 2bb8dc5b
// 同步 ID: 1e210559 @ Thu Jul 16 07:46:29 UTC 2026
// 重构日志: c1333b92
// 重构日志: 83ca372e
// 重构日志: f2eae577
// 重构日志: 41f3ff8b
// 重构日志: 4c403661
// 重构日志: 72478c49
// 重构日志: 97d5579b
// 重构日志: 701c5568
// 重构日志: 23a88afc
// 重构日志: c0368f4d
// 重构日志: b0a10056
